# JRE version: OpenJDK Runtime Environment (8.0_152-b01) (build 1.8.0_152-release-915-b01)
# Java VM: OpenJDK 64-Bit Server VM (25.152-b01 mixed mode windows-amd64 compressed oops)
Heap:
 PSYoungGen      total 394752K, used 223746K [0x00000000e0000000, 0x00000000fbc00000, 0x0000000100000000)
  eden space 347136K, 62% used [0x00000000e0000000,0x00000000ed486c20,0x00000000f5300000)
  from space 47616K, 12% used [0x00000000f8d80000,0x00000000f9379dd8,0x00000000fbc00000)
  to   space 53760K, 0% used [0x00000000f5300000,0x00000000f5300000,0x00000000f8780000)
 ParOldGen       total 161280K, used 98087K [0x00000000a0000000, 0x00000000a9d80000, 0x00000000e0000000)
  object space 161280K, 60% used [0x00000000a0000000,0x00000000a5fc9d70,0x00000000a9d80000)
 Metaspace       used 94499K, capacity 98936K, committed 99288K, reserved 1136640K
  class space    used 11993K, capacity 12904K, committed 13056K, reserved 1048576K
GC Heap History (10 events):
Event: 1556.299 GC heap before
{Heap before GC invocations=24 (full 3):
 PSYoungGen      total 321536K, used 276887K [0x00000000e0000000, 0x00000000f8a00000, 0x0000000100000000)
  eden space 264192K, 99% used [0x00000000e0000000,0x00000000f0104700,0x00000000f0200000)
  from space 57344K, 23% used [0x00000000f3900000,0x00000000f4661868,0x00000000f7100000)
  to   space 56320K, 0% used [0x00000000f0200000,0x00000000f0200000,0x00000000f3900000)
 ParOldGen       total 161280K, used 101685K [0x00000000a0000000, 0x00000000a9d80000, 0x00000000e0000000)
  object space 161280K, 63% used [0x00000000a0000000,0x00000000a634d4c0,0x00000000a9d80000)
 Metaspace       used 92239K, capacity 96724K, committed 96856K, reserved 1134592K
  class space    used 11770K, capacity 12666K, committed 12672K, reserved 1048576K
Event: 1556.313 GC heap after
Heap after GC invocations=24 (full 3):
 PSYoungGen      total 320512K, used 9514K [0x00000000e0000000, 0x00000000fc380000, 0x0000000100000000)
  eden space 264192K, 0% used [0x00000000e0000000,0x00000000e0000000,0x00000000f0200000)
  from space 56320K, 16% used [0x00000000f0200000,0x00000000f0b4a948,0x00000000f3900000)
  to   space 55296K, 0% used [0x00000000f8d80000,0x00000000f8d80000,0x00000000fc380000)
 ParOldGen       total 161280K, used 126645K [0x00000000a0000000, 0x00000000a9d80000, 0x00000000e0000000)
  object space 161280K, 78% used [0x00000000a0000000,0x00000000a7bad6d8,0x00000000a9d80000)
 Metaspace       used 92239K, capacity 96724K, committed 96856K, reserved 1134592K
  class space    used 11770K, capacity 12666K, committed 12672K, reserved 1048576K
}
Event: 1560.877 GC heap before
{Heap before GC invocations=25 (full 3):
 PSYoungGen      total 320512K, used 273706K [0x00000000e0000000, 0x00000000fc380000, 0x0000000100000000)
  eden space 264192K, 100% used [0x00000000e0000000,0x00000000f0200000,0x00000000f0200000)
  from space 56320K, 16% used [0x00000000f0200000,0x00000000f0b4a948,0x00000000f3900000)
  to   space 55296K, 0% used [0x00000000f8d80000,0x00000000f8d80000,0x00000000fc380000)
 ParOldGen       total 161280K, used 126645K [0x00000000a0000000, 0x00000000a9d80000, 0x00000000e0000000)
  object space 161280K, 78% used [0x00000000a0000000,0x00000000a7bad6d8,0x00000000a9d80000)
 Metaspace       used 93233K, capacity 97704K, committed 98008K, reserved 1134592K
  class space    used 11859K, capacity 12748K, committed 12800K, reserved 1048576K
Event: 1560.887 GC heap after
Heap after GC invocations=25 (full 3):
 PSYoungGen      total 394752K, used 12114K [0x00000000e0000000, 0x00000000fbc00000, 0x0000000100000000)
  eden space 347136K, 0% used [0x00000000e0000000,0x00000000e0000000,0x00000000f5300000)
  from space 47616K, 25% used [0x00000000f8d80000,0x00000000f9954bd0,0x00000000fbc00000)
  to   space 53760K, 0% used [0x00000000f5300000,0x00000000f5300000,0x00000000f8780000)
 ParOldGen       total 161280K, used 127103K [0x00000000a0000000, 0x00000000a9d80000, 0x00000000e0000000)
  object space 161280K, 78% used [0x00000000a0000000,0x00000000a7c1fc08,0x00000000a9d80000)
 Metaspace       used 93233K, capacity 97704K, committed 98008K, reserved 1134592K
  class space    used 11859K, capacity 12748K, committed 12800K, reserved 1048576K
}
Event: 1561.920 GC heap before
{Heap before GC invocations=26 (full 3):
 PSYoungGen      total 394752K, used 359250K [0x00000000e0000000, 0x00000000fbc00000, 0x0000000100000000)
  eden space 347136K, 100% used [0x00000000e0000000,0x00000000f5300000,0x00000000f5300000)
  from space 47616K, 25% used [0x00000000f8d80000,0x00000000f9954bd0,0x00000000fbc00000)
  to   space 53760K, 0% used [0x00000000f5300000,0x00000000f5300000,0x00000000f8780000)
 ParOldGen       total 161280K, used 127103K [0x00000000a0000000, 0x00000000a9d80000, 0x00000000e0000000)
  object space 161280K, 78% used [0x00000000a0000000,0x00000000a7c1fc08,0x00000000a9d80000)
 Metaspace       used 93553K, capacity 98070K, committed 98264K, reserved 1134592K
  class space    used 11871K, capacity 12783K, committed 12800K, reserved 1048576K
Event: 1561.957 GC heap after
Heap after GC invocations=26 (full 3):
 PSYoungGen      total 400896K, used 53755K [0x00000000e0000000, 0x00000000fbc00000, 0x0000000100000000)
  eden space 347136K, 0% used [0x00000000e0000000,0x00000000e0000000,0x00000000f5300000)
  from space 53760K, 99% used [0x00000000f5300000,0x00000000f877ec90,0x00000000f8780000)
  to   space 47616K, 0% used [0x00000000f8d80000,0x00000000f8d80000,0x00000000fbc00000)
 ParOldGen       total 161280K, used 140343K [0x00000000a0000000, 0x00000000a9d80000, 0x00000000e0000000)
  object space 161280K, 87% used [0x00000000a0000000,0x00000000a890de80,0x00000000a9d80000)
 Metaspace       used 93553K, capacity 98070K, committed 98264K, reserved 1134592K
  class space    used 11871K, capacity 12783K, committed 12800K, reserved 1048576K
}
Event: 1561.957 GC heap before
{Heap before GC invocations=27 (full 4):
 PSYoungGen      total 400896K, used 53755K [0x00000000e0000000, 0x00000000fbc00000, 0x0000000100000000)
  eden space 347136K, 0% used [0x00000000e0000000,0x00000000e0000000,0x00000000f5300000)
  from space 53760K, 99% used [0x00000000f5300000,0x00000000f877ec90,0x00000000f8780000)
  to   space 47616K, 0% used [0x00000000f8d80000,0x00000000f8d80000,0x00000000fbc00000)
 ParOldGen       total 161280K, used 140343K [0x00000000a0000000, 0x00000000a9d80000, 0x00000000e0000000)
  object space 161280K, 87% used [0x00000000a0000000,0x00000000a890de80,0x00000000a9d80000)
 Metaspace       used 93553K, capacity 98070K, committed 98264K, reserved 1134592K
  class space    used 11871K, capacity 12783K, committed 12800K, reserved 1048576K
Event: 1562.124 GC heap after
Heap after GC invocations=27 (full 4):
 PSYoungGen      total 400896K, used 0K [0x00000000e0000000, 0x00000000fbc00000, 0x0000000100000000)
  eden space 347136K, 0% used [0x00000000e0000000,0x00000000e0000000,0x00000000f5300000)
  from space 53760K, 0% used [0x00000000f5300000,0x00000000f5300000,0x00000000f8780000)
  to   space 47616K, 0% used [0x00000000f8d80000,0x00000000f8d80000,0x00000000fbc00000)
 ParOldGen       total 161280K, used 98079K [0x00000000a0000000, 0x00000000a9d80000, 0x00000000e0000000)
  object space 161280K, 60% used [0x00000000a0000000,0x00000000a5fc7d70,0x00000000a9d80000)
 Metaspace       used 93327K, capacity 97544K, committed 98264K, reserved 1134592K
  class space    used 11807K, capacity 12670K, committed 12800K, reserved 1048576K
}
Event: 1610.246 GC heap before
{Heap before GC invocations=28 (full 4):
 PSYoungGen      total 400896K, used 346548K [0x00000000e0000000, 0x00000000fbc00000, 0x0000000100000000)
  eden space 347136K, 99% used [0x00000000e0000000,0x00000000f526d0a8,0x00000000f5300000)
  from space 53760K, 0% used [0x00000000f5300000,0x00000000f5300000,0x00000000f8780000)
  to   space 47616K, 0% used [0x00000000f8d80000,0x00000000f8d80000,0x00000000fbc00000)
 ParOldGen       total 161280K, used 98079K [0x00000000a0000000, 0x00000000a9d80000, 0x00000000e0000000)
  object space 161280K, 60% used [0x00000000a0000000,0x00000000a5fc7d70,0x00000000a9d80000)
 Metaspace       used 93459K, capacity 97654K, committed 98264K, reserved 1134592K
  class space    used 11814K, capacity 12679K, committed 12800K, reserved 1048576K
Event: 1610.251 GC heap after
Heap after GC invocations=28 (full 4):
 PSYoungGen      total 394752K, used 6119K [0x00000000e0000000, 0x00000000fbc00000, 0x0000000100000000)
  eden space 347136K, 0% used [0x00000000e0000000,0x00000000e0000000,0x00000000f5300000)
  from space 47616K, 12% used [0x00000000f8d80000,0x00000000f9379dd8,0x00000000fbc00000)
  to   space 53760K, 0% used [0x00000000f5300000,0x00000000f5300000,0x00000000f8780000)
 ParOldGen       total 161280K, used 98087K [0x00000000a0000000, 0x00000000a9d80000, 0x00000000e0000000)
  object space 161280K, 60% used [0x00000000a0000000,0x00000000a5fc9d70,0x00000000a9d80000)
 Metaspace       used 93459K, capacity 97654K, committed 98264K, reserved 1134592K
  class space    used 11814K, capacity 12679K, committed 12800K, reserved 1048576K
}

